<?xml version="1.0" encoding="UTF-8"?>
<!-- Generated by org.testng.reporters.JUnitReportReporter -->
<testsuite hostname="dev-1.local" name="org.apache.struts2.TestNGStrutsTestCaseTest$RunTest" tests="1" failures="0" timestamp="9 Jan 2019 08:16:46 GMT" time="0.000" errors="0">
  <testcase name="testRun" time="0.000" classname="org.apache.struts2.TestNGStrutsTestCaseTest$RunTest"/>
</testsuite> <!-- org.apache.struts2.TestNGStrutsTestCaseTest$RunTest -->
